Using pre-set license
Built from '2020.3/staging' branch; Version is '2020.3.26f1 (7298b473bc1a) revision 7510196'; Using compiler version '192528614'; Build Type 'Release'
OS: 'Windows 11  (10.0.22000) 64bit CoreSingleLanguage' Language: 'en' Physical Memory: 7998 MB
BatchMode: 1, IsHumanControllingUs: 0, StartBugReporterOnCrash: 0, Is64bit: 1, IsPro: 0

COMMAND LINE ARGUMENTS:
D:\2020.3.26f1\Editor\Unity.exe
-adb2
-batchMode
-noUpm
-name
AssetImportWorker0
-projectPath
D:/shit/GiHubUnreal/NEWNEWNEWfalldivers/WikiDrugs/WikiDrugs
-logFile
Logs/AssetImportWorker0.log
-srvPort
56136
Successfully changed project path to: D:/shit/GiHubUnreal/NEWNEWNEWfalldivers/WikiDrugs/WikiDrugs
D:/shit/GiHubUnreal/NEWNEWNEWfalldivers/WikiDrugs/WikiDrugs
Using Asset Import Pipeline V2.
Refreshing native plugins compatible for Editor in 131.05 ms, found 2 plugins.
Preloading 0 native plugins for Editor in 0.00 ms.
Initialize engine version: 2020.3.26f1 (7298b473bc1a)
[Subsystems] Discovering subsystems at path D:/2020.3.26f1/Editor/Data/Resources/UnitySubsystems
[Subsystems] Discovering subsystems at path D:/shit/GiHubUnreal/NEWNEWNEWfalldivers/WikiDrugs/WikiDrugs/Assets
GfxDevice: creating device client; threaded=0
Direct3D:
    Version:  Direct3D 11.0 [level 11.1]
    Renderer: NVIDIA GeForce GTX 1650 (ID=0x1f91)
    Vendor:   
    VRAM:     3962 MB
    Driver:   30.0.15.1179
Initialize mono
Mono path[0] = 'D:/2020.3.26f1/Editor/Data/Managed'
Mono path[1] = 'D:/2020.3.26f1/Editor/Data/MonoBleedingEdge/lib/mono/unityjit'
Mono config path = 'D:/2020.3.26f1/Editor/Data/MonoBleedingEdge/etc'
Using monoOptions --debugger-agent=transport=dt_socket,embedding=1,server=y,suspend=n,address=127.0.0.1:56040
Begin MonoManager ReloadAssembly
Registering precompiled unity dll's ...
Register platform support module: D:/2020.3.26f1/Editor/Data/PlaybackEngines/WindowsStandaloneSupport/UnityEditor.WindowsStandalone.Extensions.dll
Registered in 0.088213 seconds.
Native extension for WindowsStandalone target not found
Refreshing native plugins compatible for Editor in 28.98 ms, found 2 plugins.
Preloading 0 native plugins for Editor in 0.00 ms.
Mono: successfully reloaded assembly
- Completed reload, in  0.718 seconds
Domain Reload Profiling:
	ReloadAssembly (718ms)
		BeginReloadAssembly (75ms)
			ExecutionOrderSort (0ms)
			DisableScriptedObjects (0ms)
			BackupInstance (0ms)
			ReleaseScriptingObjects (0ms)
			CreateAndSetChildDomain (1ms)
		EndReloadAssembly (472ms)
			LoadAssemblies (70ms)
			RebuildTransferFunctionScriptingTraits (0ms)
			SetupTypeCache (149ms)
			ReleaseScriptCaches (0ms)
			RebuildScriptCaches (31ms)
			SetupLoadedEditorAssemblies (178ms)
				LogAssemblyErrors (0ms)
				InitializePlatformSupportModulesInManaged (4ms)
				SetLoadedEditorAssemblies (0ms)
				RefreshPlugins (29ms)
				BeforeProcessingInitializeOnLoad (20ms)
				ProcessInitializeOnLoadAttributes (76ms)
				ProcessInitializeOnLoadMethodAttributes (47ms)
				AfterProcessingInitializeOnLoad (0ms)
				EditorAssembliesLoaded (0ms)
			ExecutionOrderSort2 (0ms)
			AwakeInstancesAfterBackupRestoration (0ms)
Platform modules already initialized, skipping
Registering precompiled user dll's ...
Registered in 0.206562 seconds.
Begin MonoManager ReloadAssembly
Native extension for WindowsStandalone target not found
Refreshing native plugins compatible for Editor in 0.29 ms, found 2 plugins.
Preloading 0 native plugins for Editor in 0.00 ms.
Mono: successfully reloaded assembly
- Completed reload, in  1.443 seconds
Domain Reload Profiling:
	ReloadAssembly (1444ms)
		BeginReloadAssembly (157ms)
			ExecutionOrderSort (0ms)
			DisableScriptedObjects (4ms)
			BackupInstance (0ms)
			ReleaseScriptingObjects (0ms)
			CreateAndSetChildDomain (20ms)
		EndReloadAssembly (1215ms)
			LoadAssemblies (396ms)
			RebuildTransferFunctionScriptingTraits (0ms)
			SetupTypeCache (282ms)
			ReleaseScriptCaches (0ms)
			RebuildScriptCaches (38ms)
			SetupLoadedEditorAssemblies (420ms)
				LogAssemblyErrors (0ms)
				InitializePlatformSupportModulesInManaged (4ms)
				SetLoadedEditorAssemblies (0ms)
				RefreshPlugins (0ms)
				BeforeProcessingInitializeOnLoad (95ms)
				ProcessInitializeOnLoadAttributes (225ms)
				ProcessInitializeOnLoadMethodAttributes (80ms)
				AfterProcessingInitializeOnLoad (14ms)
				EditorAssembliesLoaded (0ms)
			ExecutionOrderSort2 (0ms)
			AwakeInstancesAfterBackupRestoration (7ms)
Platform modules already initialized, skipping
========================================================================
Worker process is ready to serve import requests
Launched and connected shader compiler UnityShaderCompiler.exe after 0.36 seconds
Refreshing native plugins compatible for Editor in 0.53 ms, found 2 plugins.
Preloading 0 native plugins for Editor in 0.00 ms.
Unloading 1503 Unused Serialized files (Serialized files now loaded: 0)
System memory in use before: 67.5 MB.
System memory in use after: 67.6 MB.

Unloading 19 unused Assets to reduce memory usage. Loaded Objects now: 1936.
Total: 2.839100 ms (FindLiveObjects: 0.136400 ms CreateObjectMapping: 0.043000 ms MarkObjects: 2.600200 ms  DeleteObjects: 0.058200 ms)

AssetImportParameters requested are different than current active one (requested -> active):
  custom:framework-win-MediaFoundation: 216162199b28c13a410421893ffa2e32 -> 
  custom:video-decoder-ogg-theora: a1e56fd34408186e4bbccfd4996cb3dc -> 
  custom:container-muxer-webm: aa71ff27fc2769a1b78a27578f13a17b -> 
  custom:container-demuxer-webm: 4f35f7cbe854078d1ac9338744f61a02 -> 
  custom:container-demuxer-ogg: 62fdf1f143b41e24485cea50d1cbac27 -> 
  custom:video-encoder-webm-vp8: eb34c28f22e8b96e1ab97ce403110664 -> 
  custom:video-codec-MediaFoundation-h265: 746d11721c4dcdbdad8f713fa42b33f4 -> 
  custom:video-decoder-webm-vp8: 9c59270c3fd7afecdb556c50c9e8de78 -> 
  custom:audio-decoder-ogg-vorbis: bf7c407c2cedff20999df2af8eb42d56 -> 
  custom:audio-encoder-webm-vorbis: bf7c407c2cedff20999df2af8eb42d56 -> 
========================================================================
Received Import Request.
  path: Assets
  artifactKey: Guid(00000000000000001000000000000000) Importer(815301076,1909f56bfc062723c751e8b465ee728b)
Start importing Assets using Guid(00000000000000001000000000000000) Importer(815301076,1909f56bfc062723c751e8b465ee728b)  -> (artifact id: '42d402b061de3733987d63b9cc3b64de') in 0.046036 seconds 
  Import took 0.048210 seconds .

========================================================================
Received Import Request.
  Time since last request: 0.000366 seconds.
  path: Assets/Scenes
  artifactKey: Guid(0e2bb4e78f4ed7743ab3e1a1d6748e93) Importer(815301076,1909f56bfc062723c751e8b465ee728b)
Start importing Assets/Scenes using Guid(0e2bb4e78f4ed7743ab3e1a1d6748e93) Importer(815301076,1909f56bfc062723c751e8b465ee728b)  -> (artifact id: 'da72058c2443d6d370d12f457d6112dd') in 0.005543 seconds 
  Import took 0.007530 seconds .

========================================================================
Received Import Request.
  Time since last request: 27.447697 seconds.
  path: Assets/assetsCIRCULO_FLECHA
  artifactKey: Guid(92e4bf2ee9dc42c43b19aeaf51519781) Importer(815301076,1909f56bfc062723c751e8b465ee728b)
Start importing Assets/assetsCIRCULO_FLECHA using Guid(92e4bf2ee9dc42c43b19aeaf51519781) Importer(815301076,1909f56bfc062723c751e8b465ee728b)  -> (artifact id: '2e684f467beec34b01c473c0d8fa44bc') in 0.011624 seconds 
  Import took 0.015156 seconds .

========================================================================
Received Import Request.
  Time since last request: 362.096747 seconds.
  path: Assets/assetsCIRCULO_FLECHA/arrow.png
  artifactKey: Guid(f656fef69dd0b4a44ab59cd9ed2e4a81) Importer(815301076,1909f56bfc062723c751e8b465ee728b)
Start importing Assets/assetsCIRCULO_FLECHA/arrow.png using Guid(f656fef69dd0b4a44ab59cd9ed2e4a81) Importer(815301076,1909f56bfc062723c751e8b465ee728b)  -> (artifact id: '6a636488d3476bc380108eb619832c10') in 0.345156 seconds 
  Import took 0.370411 seconds .

========================================================================
Received Import Request.
  Time since last request: 6.595388 seconds.
  path: Assets/assetsCIRCULO_FLECHA/circle.png
  artifactKey: Guid(e616375ed8bc12943b0e615ba864e311) Importer(815301076,1909f56bfc062723c751e8b465ee728b)
Start importing Assets/assetsCIRCULO_FLECHA/circle.png using Guid(e616375ed8bc12943b0e615ba864e311) Importer(815301076,1909f56bfc062723c751e8b465ee728b)  -> (artifact id: '7a842ab84352f973d30dc8ecb6ed5b36') in 0.015187 seconds 
  Import took 0.040715 seconds .

========================================================================
Received Import Request.
  Time since last request: 19.987857 seconds.
  path: Assets/assetsMedicamentos
  artifactKey: Guid(fead3f79605e8cd4a932bcc52eeb36ee) Importer(815301076,1909f56bfc062723c751e8b465ee728b)
Start importing Assets/assetsMedicamentos using Guid(fead3f79605e8cd4a932bcc52eeb36ee) Importer(815301076,1909f56bfc062723c751e8b465ee728b)  -> (artifact id: '68b845ddb461ad4fc8c495da7c1d2988') in 0.006550 seconds 
  Import took 0.059515 seconds .

========================================================================
Received Import Request.
  Time since last request: 32.736784 seconds.
  path: Assets/assetsMedicamentos/amlodi.png
  artifactKey: Guid(97142c7590831ed47864566856d9681c) Importer(815301076,1909f56bfc062723c751e8b465ee728b)
Start importing Assets/assetsMedicamentos/amlodi.png using Guid(97142c7590831ed47864566856d9681c) Importer(815301076,1909f56bfc062723c751e8b465ee728b)  -> (artifact id: 'a4a6ea30c699a258e69fc69c9c04178e') in 0.014376 seconds 
  Import took 0.067616 seconds .

========================================================================
Received Import Request.
  Time since last request: 2.055845 seconds.
  path: Assets/assetsMedicamentos/aspiri.png
  artifactKey: Guid(6114187d29c3a4d4b840bc2aa18d3514) Importer(815301076,1909f56bfc062723c751e8b465ee728b)
Start importing Assets/assetsMedicamentos/aspiri.png using Guid(6114187d29c3a4d4b840bc2aa18d3514) Importer(815301076,1909f56bfc062723c751e8b465ee728b)  -> (artifact id: '9e4969708adac12c2d79de963621cb8b') in 0.012412 seconds 
  Import took 0.014753 seconds .

========================================================================
Received Import Request.
  Time since last request: 2.265192 seconds.
  path: Assets/assetsMedicamentos/levotiro.png
  artifactKey: Guid(0338b07856937034088979af238bc45b) Importer(815301076,1909f56bfc062723c751e8b465ee728b)
Start importing Assets/assetsMedicamentos/levotiro.png using Guid(0338b07856937034088979af238bc45b) Importer(815301076,1909f56bfc062723c751e8b465ee728b)  -> (artifact id: '5a3761ed8a78b2bbafe4b53c3ec559a7') in 0.012160 seconds 
  Import took 0.281019 seconds .

========================================================================
Received Import Request.
  Time since last request: 1.030563 seconds.
  path: Assets/assetsMedicamentos/omepra.png
  artifactKey: Guid(eeebb0f7f7e24db439f01d5737ee17b6) Importer(815301076,1909f56bfc062723c751e8b465ee728b)
Start importing Assets/assetsMedicamentos/omepra.png using Guid(eeebb0f7f7e24db439f01d5737ee17b6) Importer(815301076,1909f56bfc062723c751e8b465ee728b)  -> (artifact id: 'f51a3ed70b148d3322e425f6fbed1095') in 0.011286 seconds 
  Import took 0.041181 seconds .

========================================================================
Received Import Request.
  Time since last request: 1.046244 seconds.
  path: Assets/assetsMedicamentos/paraceta.png
  artifactKey: Guid(7d0f77933e66f6643bc13a88b2da0a01) Importer(815301076,1909f56bfc062723c751e8b465ee728b)
Start importing Assets/assetsMedicamentos/paraceta.png using Guid(7d0f77933e66f6643bc13a88b2da0a01) Importer(815301076,1909f56bfc062723c751e8b465ee728b)  -> (artifact id: 'fcd2bc9b27cf274e1f28a9889386797a') in 0.011894 seconds 
  Import took 0.014273 seconds .

========================================================================
Received Import Request.
  Time since last request: 0.774783 seconds.
  path: Assets/assetsMedicamentos/ramipril.png
  artifactKey: Guid(10d974b9cce1b494082614ba548d5755) Importer(815301076,1909f56bfc062723c751e8b465ee728b)
Start importing Assets/assetsMedicamentos/ramipril.png using Guid(10d974b9cce1b494082614ba548d5755) Importer(815301076,1909f56bfc062723c751e8b465ee728b)  -> (artifact id: '3ef21baa793fbc945a7affb60b26687f') in 0.012942 seconds 
  Import took 0.929436 seconds .

========================================================================
Received Import Request.
  Time since last request: 0.554599 seconds.
  path: Assets/assetsMedicamentos/simvas.png
  artifactKey: Guid(2918fc0cec7808445b1b7e0a91504d67) Importer(815301076,1909f56bfc062723c751e8b465ee728b)
Start importing Assets/assetsMedicamentos/simvas.png using Guid(2918fc0cec7808445b1b7e0a91504d67) Importer(815301076,1909f56bfc062723c751e8b465ee728b)  -> (artifact id: '5dff19f4e3e26372de6d9048c3b6353a') in 0.015520 seconds 
  Import took 0.019072 seconds .

AssetImportWorkerClient::OnTransportError - code=2 error=End of file
